<?xml version="1.0" encoding="UTF-8" ?>
<testsuite 
errors="0" failures="0" hostname="MacBook-Pro.local" name="org.scalatest.tools.DiscoverySuite" tests="0" time="0.014" timestamp="2020-09-15T17:57:55">
  <properties>
    <property name="java.runtime.name" value="Java(TM) SE Runtime Environment">
    </property>
    <property 
    name="sun.boot.library.path" value="/Library/Java/JavaVirtualMachines/jdk1.8.0_261.jdk/Contents/Home/jre/lib">
</property>
    <property name="java.vm.version" value="25.261-b12"> </property>
    <property name="gopherProxySet" value="false"> </property>
    <property name="java.vm.vendor" value="Oracle Corporation"> </property>
    <property name="java.vendor.url" value="http://java.oracle.com/">
    </property>
    <property name="path.separator" value=":"> </property>
    <property name="java.vm.name" value="Java HotSpot(TM) 64-Bit Server VM">
    </property>
    <property name="file.encoding.pkg" value="sun.io"> </property>
    <property name="user.country" value="CN"> </property>
    <property name="sun.java.launcher" value="SUN_STANDARD"> </property>
    <property name="sun.os.patch.level" value="unknown"> </property>
    <property 
    name="java.vm.specification.name" value="Java Virtual Machine Specification">
</property>
    <property 
    name="user.dir" value="/Users/zhangyuchen/Desktop/angel-master/angel-ps/graph">
</property>
    <property name="java.runtime.version" value="1.8.0_261-b12"> </property>
    <property name="java.awt.graphicsenv" value="sun.awt.CGraphicsEnvironment">
    </property>
    <property 
    name="basedir" value="/Users/zhangyuchen/Desktop/angel-master/angel-ps/graph">
</property>
    <property 
    name="java.endorsed.dirs" value="/Library/Java/JavaVirtualMachines/jdk1.8.0_261.jdk/Contents/Home/jre/lib/endorsed">
</property>
    <property name="os.arch" value="x86_64"> </property>
    <property 
    name="java.io.tmpdir" value="/var/folders/kf/c1sp1mqn6kbfxdp7szs3y1900000gp/T/">
</property>
    <property name="line.separator" value=" "> </property>
    <property name="java.vm.specification.vendor" value="Oracle Corporation">
    </property>
    <property name="os.name" value="Mac OS X"> </property>
    <property name="sun.jnu.encoding" value="UTF-8"> </property>
    <property 
    name="java.library.path" value="/Users/zhangyuchen/Library/Java/Extensions:/Library/Java/Extensions:/Network/Library/Java/Extensions:/System/Library/Java/Extensions:/usr/lib/java:.">
</property>
    <property 
    name="java.specification.name" value="Java Platform API Specification">
</property>
    <property name="java.class.version" value="52.0"> </property>
    <property 
    name="sun.management.compiler" value="HotSpot 64-Bit Tiered Compilers">
</property>
    <property name="os.version" value="10.15.6"> </property>
    <property 
    name="http.nonProxyHosts" value="local|*.local|169.254/16|*.169.254/16">
</property>
    <property name="user.home" value="/Users/zhangyuchen"> </property>
    <property name="user.timezone" value=""> </property>
    <property name="java.awt.printerjob" value="sun.lwawt.macosx.CPrinterJob">
    </property>
    <property name="file.encoding" value="UTF-8"> </property>
    <property name="java.specification.version" value="1.8"> </property>
    <property name="user.name" value="zhangyuchen"> </property>
    <property 
    name="java.class.path" value="/Users/zhangyuchen/Desktop/angel-master/angel-ps/graph/target/test-classes:/Users/zhangyuchen/Desktop/angel-master/angel-ps/graph/target/classes:/Users/zhangyuchen/Desktop/angel-master/angel-ps/core/target/angel-ps-core-3.1.0.jar:/Users/zhangyuchen/.m2/repository/org/apache/velocity/velocity/1.7/velocity-1.7.jar:/Users/zhangyuchen/.m2/repository/com/github/fommil/netlib/netlib-native_ref-osx-x86_64/1.1/netlib-native_ref-osx-x86_64-1.1-natives.jar:/Users/zhangyuchen/.m2/repository/com/github/fommil/netlib/native_ref-java/1.1/native_ref-java-1.1.jar:/Users/zhangyuchen/.m2/repository/com/github/fommil/jniloader/1.1/jniloader-1.1.jar:/Users/zhangyuchen/.m2/repository/com/github/fommil/netlib/netlib-native_ref-linux-x86_64/1.1/netlib-native_ref-linux-x86_64-1.1-natives.jar:/Users/zhangyuchen/.m2/repository/com/github/fommil/netlib/netlib-native_ref-linux-i686/1.1/netlib-native_ref-linux-i686-1.1-natives.jar:/Users/zhangyuchen/.m2/repository/com/github/fommil/netlib/netlib-native_ref-win-x86_64/1.1/netlib-native_ref-win-x86_64-1.1-natives.jar:/Users/zhangyuchen/.m2/repository/com/github/fommil/netlib/netlib-native_ref-win-i686/1.1/netlib-native_ref-win-i686-1.1-natives.jar:/Users/zhangyuchen/.m2/repository/com/github/fommil/netlib/netlib-native_ref-linux-armhf/1.1/netlib-native_ref-linux-armhf-1.1-natives.jar:/Users/zhangyuchen/.m2/repository/com/github/fommil/netlib/netlib-native_system-osx-x86_64/1.1/netlib-native_system-osx-x86_64-1.1-natives.jar:/Users/zhangyuchen/.m2/repository/com/github/fommil/netlib/native_system-java/1.1/native_system-java-1.1.jar:/Users/zhangyuchen/.m2/repository/com/github/fommil/netlib/netlib-native_system-linux-x86_64/1.1/netlib-native_system-linux-x86_64-1.1-natives.jar:/Users/zhangyuchen/.m2/repository/com/github/fommil/netlib/netlib-native_system-linux-i686/1.1/netlib-native_system-linux-i686-1.1-natives.jar:/Users/zhangyuchen/.m2/repository/com/github/fommil/netlib/netlib-native_system-linux-armhf/1.1/netlib-native_system-linux-armhf-1.1-natives.jar:/Users/zhangyuchen/.m2/repository/com/github/fommil/netlib/netlib-native_system-win-x86_64/1.1/netlib-native_system-win-x86_64-1.1-natives.jar:/Users/zhangyuchen/.m2/repository/com/github/fommil/netlib/netlib-native_system-win-i686/1.1/netlib-native_system-win-i686-1.1-natives.jar:/Users/zhangyuchen/.m2/repository/io/fabric8/kubernetes-client/3.0.0/kubernetes-client-3.0.0.jar:/Users/zhangyuchen/.m2/repository/io/fabric8/kubernetes-model/2.0.0/kubernetes-model-2.0.0.jar:/Users/zhangyuchen/.m2/repository/com/fasterxml/jackson/module/jackson-module-jaxb-annotations/2.7.5/jackson-module-jaxb-annotations-2.7.5.jar:/Users/zhangyuchen/.m2/repository/javax/validation/validation-api/1.1.0.Final/validation-api-1.1.0.Final.jar:/Users/zhangyuchen/.m2/repository/com/squareup/okhttp3/okhttp/3.8.1/okhttp-3.8.1.jar:/Users/zhangyuchen/.m2/repository/com/squareup/okio/okio/1.13.0/okio-1.13.0.jar:/Users/zhangyuchen/.m2/repository/com/squareup/okhttp3/logging-interceptor/3.8.1/logging-interceptor-3.8.1.jar:/Users/zhangyuchen/.m2/repository/org/slf4j/jul-to-slf4j/1.7.13/jul-to-slf4j-1.7.13.jar:/Users/zhangyuchen/.m2/repository/com/fasterxml/jackson/dataformat/jackson-dataformat-yaml/2.7.7/jackson-dataformat-yaml-2.7.7.jar:/Users/zhangyuchen/.m2/repository/org/yaml/snakeyaml/1.15/snakeyaml-1.15.jar:/Users/zhangyuchen/.m2/repository/com/fasterxml/jackson/core/jackson-core/2.7.7/jackson-core-2.7.7.jar:/Users/zhangyuchen/.m2/repository/io/fabric8/zjsonpatch/0.3.0/zjsonpatch-0.3.0.jar:/Users/zhangyuchen/.m2/repository/com/github/mifmif/generex/1.0.1/generex-1.0.1.jar:/Users/zhangyuchen/.m2/repository/dk/brics/automaton/automaton/1.11-8/automaton-1.11-8.jar:/Users/zhangyuchen/Desktop/angel-master/angel-ps/psf/target/angel-ps-psf-3.1.0.jar:/Users/zhangyuchen/.m2/repository/junit/junit/4.4/junit-4.4.jar:/Users/zhangyuchen/.m2/repository/it/unimi/dsi/fastutil/7.1.0/fastutil-7.1.0.jar:/Users/zhangyuchen/.m2/repository/com/yahoo/datasketches/sketches-core/0.8.1/sketches-core-0.8.1.jar:/Users/zhangyuchen/.m2/repository/com/yahoo/datasketches/memory/0.8.1/memory-0.8.1.jar:/Users/zhangyuchen/.m2/repository/org/ehcache/sizeof/0.3.0/sizeof-0.3.0.jar:/Users/zhangyuchen/.m2/repository/org/slf4j/slf4j-api/1.6.2/slf4j-api-1.6.2.jar:/Users/zhangyuchen/.m2/repository/com/esotericsoftware/kryo-shaded/4.0.0/kryo-shaded-4.0.0.jar:/Users/zhangyuchen/.m2/repository/com/esotericsoftware/minlog/1.3.0/minlog-1.3.0.jar:/Users/zhangyuchen/.m2/repository/org/objenesis/objenesis/2.2/objenesis-2.2.jar:/Users/zhangyuchen/.m2/repository/de/javakaffee/kryo-serializers/0.42/kryo-serializers-0.42.jar:/Users/zhangyuchen/.m2/repository/com/esotericsoftware/kryo/4.0.0/kryo-4.0.0.jar:/Users/zhangyuchen/.m2/repository/com/esotericsoftware/reflectasm/1.11.3/reflectasm-1.11.3.jar:/Users/zhangyuchen/.m2/repository/org/ow2/asm/asm/5.0.4/asm-5.0.4.jar:/Users/zhangyuchen/.m2/repository/org/slf4j/slf4j-log4j12/1.6.2/slf4j-log4j12-1.6.2.jar:/Users/zhangyuchen/.m2/repository/log4j/log4j/1.2.16/log4j-1.2.16.jar:/Users/zhangyuchen/.m2/repository/commons-pool/commons-pool/1.6/commons-pool-1.6.jar:/Users/zhangyuchen/.m2/repository/org/json4s/json4s-jackson_2.11/3.2.11/json4s-jackson_2.11-3.2.11.jar:/Users/zhangyuchen/.m2/repository/org/json4s/json4s-core_2.11/3.2.11/json4s-core_2.11-3.2.11.jar:/Users/zhangyuchen/.m2/repository/org/json4s/json4s-ast_2.11/3.2.11/json4s-ast_2.11-3.2.11.jar:/Users/zhangyuchen/.m2/repository/com/thoughtworks/paranamer/paranamer/2.6/paranamer-2.6.jar:/Users/zhangyuchen/.m2/repository/org/scala-lang/scalap/2.11.0/scalap-2.11.0.jar:/Users/zhangyuchen/.m2/repository/org/scala-lang/scala-compiler/2.11.0/scala-compiler-2.11.0.jar:/Users/zhangyuchen/.m2/repository/com/fasterxml/jackson/core/jackson-databind/2.3.1/jackson-databind-2.3.1.jar:/Users/zhangyuchen/.m2/repository/com/fasterxml/jackson/core/jackson-annotations/2.3.0/jackson-annotations-2.3.0.jar:/Users/zhangyuchen/.m2/repository/org/apache/commons/commons-math/2.2/commons-math-2.2.jar:/Users/zhangyuchen/.m2/repository/org/mockito/mockito-core/1.10.19/mockito-core-1.10.19.jar:/Users/zhangyuchen/.m2/repository/org/hamcrest/hamcrest-core/1.1/hamcrest-core-1.1.jar:/Users/zhangyuchen/.m2/repository/org/powermock/powermock-module-junit4/1.6.5/powermock-module-junit4-1.6.5.jar:/Users/zhangyuchen/.m2/repository/org/powermock/powermock-module-junit4-common/1.6.5/powermock-module-junit4-common-1.6.5.jar:/Users/zhangyuchen/.m2/repository/org/powermock/powermock-core/1.6.5/powermock-core-1.6.5.jar:/Users/zhangyuchen/.m2/repository/org/javassist/javassist/3.20.0-GA/javassist-3.20.0-GA.jar:/Users/zhangyuchen/.m2/repository/org/powermock/powermock-reflect/1.6.5/powermock-reflect-1.6.5.jar:/Users/zhangyuchen/.m2/repository/org/powermock/powermock-api-mockito/1.6.5/powermock-api-mockito-1.6.5.jar:/Users/zhangyuchen/.m2/repository/org/powermock/powermock-api-mockito-common/1.6.5/powermock-api-mockito-common-1.6.5.jar:/Users/zhangyuchen/.m2/repository/org/powermock/powermock-api-support/1.6.5/powermock-api-support-1.6.5.jar:/Users/zhangyuchen/.m2/repository/com/google/protobuf/protobuf-java/2.5.0/protobuf-java-2.5.0.jar:/Users/zhangyuchen/.m2/repository/org/cloudera/htrace/htrace-core/2.05/htrace-core-2.05.jar:/Users/zhangyuchen/.m2/repository/com/google/guava/guava/12.0.1/guava-12.0.1.jar:/Users/zhangyuchen/.m2/repository/commons-logging/commons-logging/1.1.1/commons-logging-1.1.1.jar:/Users/zhangyuchen/.m2/repository/org/mortbay/jetty/jetty-util/6.1.26/jetty-util-6.1.26.jar:/Users/zhangyuchen/.m2/repository/io/netty/netty-all/4.1.18.Final/netty-all-4.1.18.Final.jar:/Users/zhangyuchen/.m2/repository/net/agkn/hll/1.6.0/hll-1.6.0.jar:/Users/zhangyuchen/.m2/repository/org/apache/hadoop/hadoop-common/2.7.3/hadoop-common-2.7.3.jar:/Users/zhangyuchen/.m2/repository/org/apache/hadoop/hadoop-annotations/2.7.3/hadoop-annotations-2.7.3.jar:/Library/Java/JavaVirtualMachines/jdk1.8.0_261.jdk/Contents/Home/jre/../lib/tools.jar:/Users/zhangyuchen/.m2/repository/commons-cli/commons-cli/1.2/commons-cli-1.2.jar:/Users/zhangyuchen/.m2/repository/xmlenc/xmlenc/0.52/xmlenc-0.52.jar:/Users/zhangyuchen/.m2/repository/commons-httpclient/commons-httpclient/3.1/commons-httpclient-3.1.jar:/Users/zhangyuchen/.m2/repository/commons-codec/commons-codec/1.4/commons-codec-1.4.jar:/Users/zhangyuchen/.m2/repository/commons-io/commons-io/2.4/commons-io-2.4.jar:/Users/zhangyuchen/.m2/repository/commons-net/commons-net/3.1/commons-net-3.1.jar:/Users/zhangyuchen/.m2/repository/commons-collections/commons-collections/3.2.2/commons-collections-3.2.2.jar:/Users/zhangyuchen/.m2/repository/javax/servlet/servlet-api/2.5/servlet-api-2.5.jar:/Users/zhangyuchen/.m2/repository/org/mortbay/jetty/jetty/6.1.26/jetty-6.1.26.jar:/Users/zhangyuchen/.m2/repository/javax/servlet/jsp/jsp-api/2.1/jsp-api-2.1.jar:/Users/zhangyuchen/.m2/repository/com/sun/jersey/jersey-core/1.9/jersey-core-1.9.jar:/Users/zhangyuchen/.m2/repository/com/sun/jersey/jersey-json/1.9/jersey-json-1.9.jar:/Users/zhangyuchen/.m2/repository/com/sun/xml/bind/jaxb-impl/2.2.3-1/jaxb-impl-2.2.3-1.jar:/Users/zhangyuchen/.m2/repository/com/sun/jersey/jersey-server/1.9/jersey-server-1.9.jar:/Users/zhangyuchen/.m2/repository/asm/asm/3.1/asm-3.1.jar:/Users/zhangyuchen/.m2/repository/net/java/dev/jets3t/jets3t/0.9.0/jets3t-0.9.0.jar:/Users/zhangyuchen/.m2/repository/org/apache/httpcomponents/httpcore/4.1.2/httpcore-4.1.2.jar:/Users/zhangyuchen/.m2/repository/com/jamesmurty/utils/java-xmlbuilder/0.4/java-xmlbuilder-0.4.jar:/Users/zhangyuchen/.m2/repository/commons-lang/commons-lang/2.6/commons-lang-2.6.jar:/Users/zhangyuchen/.m2/repository/commons-configuration/commons-configuration/1.6/commons-configuration-1.6.jar:/Users/zhangyuchen/.m2/repository/commons-digester/commons-digester/1.8/commons-digester-1.8.jar:/Users/zhangyuchen/.m2/repository/commons-beanutils/commons-beanutils/1.7.0/commons-beanutils-1.7.0.jar:/Users/zhangyuchen/.m2/repository/commons-beanutils/commons-beanutils-core/1.8.0/commons-beanutils-core-1.8.0.jar:/Users/zhangyuchen/.m2/repository/org/codehaus/jackson/jackson-core-asl/1.9.13/jackson-core-asl-1.9.13.jar:/Users/zhangyuchen/.m2/repository/org/codehaus/jackson/jackson-mapper-asl/1.9.13/jackson-mapper-asl-1.9.13.jar:/Users/zhangyuchen/.m2/repository/org/apache/avro/avro/1.7.4/avro-1.7.4.jar:/Users/zhangyuchen/.m2/repository/org/xerial/snappy/snappy-java/1.0.4.1/snappy-java-1.0.4.1.jar:/Users/zhangyuchen/.m2/repository/com/jcraft/jsch/0.1.42/jsch-0.1.42.jar:/Users/zhangyuchen/.m2/repository/org/apache/curator/curator-client/2.7.1/curator-client-2.7.1.jar:/Users/zhangyuchen/.m2/repository/org/apache/curator/curator-recipes/2.7.1/curator-recipes-2.7.1.jar:/Users/zhangyuchen/.m2/repository/com/google/code/findbugs/jsr305/3.0.0/jsr305-3.0.0.jar:/Users/zhangyuchen/.m2/repository/org/apache/htrace/htrace-core/3.1.0-incubating/htrace-core-3.1.0-incubating.jar:/Users/zhangyuchen/.m2/repository/org/apache/zookeeper/zookeeper/3.4.6/zookeeper-3.4.6.jar:/Users/zhangyuchen/.m2/repository/org/apache/commons/commons-compress/1.4.1/commons-compress-1.4.1.jar:/Users/zhangyuchen/.m2/repository/org/tukaani/xz/1.0/xz-1.0.jar:/Users/zhangyuchen/.m2/repository/org/apache/hadoop/hadoop-auth/2.7.3/hadoop-auth-2.7.3.jar:/Users/zhangyuchen/.m2/repository/org/apache/httpcomponents/httpclient/4.2.5/httpclient-4.2.5.jar:/Users/zhangyuchen/.m2/repository/org/apache/directory/server/apacheds-kerberos-codec/2.0.0-M15/apacheds-kerberos-codec-2.0.0-M15.jar:/Users/zhangyuchen/.m2/repository/org/apache/directory/server/apacheds-i18n/2.0.0-M15/apacheds-i18n-2.0.0-M15.jar:/Users/zhangyuchen/.m2/repository/org/apache/directory/api/api-asn1-api/1.0.0-M20/api-asn1-api-1.0.0-M20.jar:/Users/zhangyuchen/.m2/repository/org/apache/directory/api/api-util/1.0.0-M20/api-util-1.0.0-M20.jar:/Users/zhangyuchen/.m2/repository/org/apache/curator/curator-framework/2.7.1/curator-framework-2.7.1.jar:/Users/zhangyuchen/.m2/repository/org/apache/hadoop/hadoop-yarn-api/2.7.3/hadoop-yarn-api-2.7.3.jar:/Users/zhangyuchen/.m2/repository/org/apache/hadoop/hadoop-yarn-applications-distributedshell/2.7.3/hadoop-yarn-applications-distributedshell-2.7.3.jar:/Users/zhangyuchen/.m2/repository/org/apache/hadoop/hadoop-yarn-applications-unmanaged-am-launcher/2.7.3/hadoop-yarn-applications-unmanaged-am-launcher-2.7.3.jar:/Users/zhangyuchen/.m2/repository/org/apache/hadoop/hadoop-yarn-client/2.7.3/hadoop-yarn-client-2.7.3.jar:/Users/zhangyuchen/.m2/repository/org/apache/hadoop/hadoop-yarn-common/2.7.3/hadoop-yarn-common-2.7.3.jar:/Users/zhangyuchen/.m2/repository/javax/xml/bind/jaxb-api/2.2.2/jaxb-api-2.2.2.jar:/Users/zhangyuchen/.m2/repository/javax/xml/stream/stax-api/1.0-2/stax-api-1.0-2.jar:/Users/zhangyuchen/.m2/repository/javax/activation/activation/1.1/activation-1.1.jar:/Users/zhangyuchen/.m2/repository/com/sun/jersey/jersey-client/1.9/jersey-client-1.9.jar:/Users/zhangyuchen/.m2/repository/org/codehaus/jackson/jackson-jaxrs/1.9.13/jackson-jaxrs-1.9.13.jar:/Users/zhangyuchen/.m2/repository/org/codehaus/jackson/jackson-xc/1.9.13/jackson-xc-1.9.13.jar:/Users/zhangyuchen/.m2/repository/com/google/inject/extensions/guice-servlet/3.0/guice-servlet-3.0.jar:/Users/zhangyuchen/.m2/repository/com/google/inject/guice/3.0/guice-3.0.jar:/Users/zhangyuchen/.m2/repository/javax/inject/javax.inject/1/javax.inject-1.jar:/Users/zhangyuchen/.m2/repository/aopalliance/aopalliance/1.0/aopalliance-1.0.jar:/Users/zhangyuchen/.m2/repository/com/sun/jersey/contribs/jersey-guice/1.9/jersey-guice-1.9.jar:/Users/zhangyuchen/.m2/repository/org/apache/hadoop/hadoop-yarn-server-common/2.7.3/hadoop-yarn-server-common-2.7.3.jar:/Users/zhangyuchen/.m2/repository/org/fusesource/leveldbjni/leveldbjni-all/1.8/leveldbjni-all-1.8.jar:/Users/zhangyuchen/.m2/repository/org/apache/hadoop/hadoop-yarn-server-nodemanager/2.7.3/hadoop-yarn-server-nodemanager-2.7.3.jar:/Users/zhangyuchen/.m2/repository/org/codehaus/jettison/jettison/1.1/jettison-1.1.jar:/Users/zhangyuchen/.m2/repository/org/apache/hadoop/hadoop-yarn-server-resourcemanager/2.7.3/hadoop-yarn-server-resourcemanager-2.7.3.jar:/Users/zhangyuchen/.m2/repository/org/apache/hadoop/hadoop-yarn-server-applicationhistoryservice/2.7.3/hadoop-yarn-server-applicationhistoryservice-2.7.3.jar:/Users/zhangyuchen/.m2/repository/org/apache/zookeeper/zookeeper/3.4.6/zookeeper-3.4.6-tests.jar:/Users/zhangyuchen/.m2/repository/org/apache/hadoop/hadoop-yarn-server-web-proxy/2.7.3/hadoop-yarn-server-web-proxy-2.7.3.jar:/Users/zhangyuchen/.m2/repository/org/apache/hadoop/hadoop-hdfs/2.7.3/hadoop-hdfs-2.7.3.jar:/Users/zhangyuchen/.m2/repository/commons-daemon/commons-daemon/1.0.13/commons-daemon-1.0.13.jar:/Users/zhangyuchen/.m2/repository/io/netty/netty/3.6.2.Final/netty-3.6.2.Final.jar:/Users/zhangyuchen/.m2/repository/xerces/xercesImpl/2.9.1/xercesImpl-2.9.1.jar:/Users/zhangyuchen/.m2/repository/xml-apis/xml-apis/1.3.04/xml-apis-1.3.04.jar:/Users/zhangyuchen/.m2/repository/org/apache/hadoop/hadoop-hdfs-nfs/2.7.3/hadoop-hdfs-nfs-2.7.3.jar:/Users/zhangyuchen/.m2/repository/org/apache/hadoop/hadoop-mapreduce-client-app/2.7.3/hadoop-mapreduce-client-app-2.7.3.jar:/Users/zhangyuchen/.m2/repository/org/apache/hadoop/hadoop-mapreduce-client-shuffle/2.7.3/hadoop-mapreduce-client-shuffle-2.7.3.jar:/Users/zhangyuchen/.m2/repository/org/apache/hadoop/hadoop-mapreduce-client-common/2.7.3/hadoop-mapreduce-client-common-2.7.3.jar:/Users/zhangyuchen/.m2/repository/org/apache/hadoop/hadoop-mapreduce-client-core/2.7.3/hadoop-mapreduce-client-core-2.7.3.jar:/Users/zhangyuchen/.m2/repository/org/apache/hadoop/hadoop-mapreduce-client-hs/2.7.3/hadoop-mapreduce-client-hs-2.7.3.jar:/Users/zhangyuchen/.m2/repository/org/apache/hadoop/hadoop-mapreduce-client-hs-plugins/2.7.3/hadoop-mapreduce-client-hs-plugins-2.7.3.jar:/Users/zhangyuchen/.m2/repository/org/apache/hadoop/hadoop-mapreduce-client-jobclient/2.7.3/hadoop-mapreduce-client-jobclient-2.7.3.jar:/Users/zhangyuchen/.m2/repository/org/scala-lang/scala-library/2.11.8/scala-library-2.11.8.jar:/Users/zhangyuchen/.m2/repository/org/scalatest/scalatest_2.11/3.0.3/scalatest_2.11-3.0.3.jar:/Users/zhangyuchen/.m2/repository/org/scalactic/scalactic_2.11/3.0.3/scalactic_2.11-3.0.3.jar:/Users/zhangyuchen/.m2/repository/org/scala-lang/scala-reflect/2.11.8/scala-reflect-2.11.8.jar:/Users/zhangyuchen/.m2/repository/org/scala-lang/modules/scala-xml_2.11/1.0.5/scala-xml_2.11-1.0.5.jar:/Users/zhangyuchen/.m2/repository/org/scala-lang/modules/scala-parser-combinators_2.11/1.0.4/scala-parser-combinators_2.11-1.0.4.jar:/Users/zhangyuchen/.m2/repository/org/scalanlp/breeze_2.11/0.13/breeze_2.11-0.13.jar:/Users/zhangyuchen/.m2/repository/org/scalanlp/breeze-macros_2.11/0.13/breeze-macros_2.11-0.13.jar:/Users/zhangyuchen/.m2/repository/com/github/fommil/netlib/core/1.1.2/core-1.1.2.jar:/Users/zhangyuchen/.m2/repository/net/sourceforge/f2j/arpack_combined_all/0.1/arpack_combined_all-0.1.jar:/Users/zhangyuchen/.m2/repository/net/sf/opencsv/opencsv/2.3/opencsv-2.3.jar:/Users/zhangyuchen/.m2/repository/com/github/rwl/jtransforms/2.4.0/jtransforms-2.4.0.jar:/Users/zhangyuchen/.m2/repository/org/spire-math/spire_2.11/0.13.0/spire_2.11-0.13.0.jar:/Users/zhangyuchen/.m2/repository/org/spire-math/spire-macros_2.11/0.13.0/spire-macros_2.11-0.13.0.jar:/Users/zhangyuchen/.m2/repository/org/typelevel/machinist_2.11/0.6.1/machinist_2.11-0.6.1.jar:/Users/zhangyuchen/.m2/repository/com/chuusai/shapeless_2.11/2.3.2/shapeless_2.11-2.3.2.jar:/Users/zhangyuchen/.m2/repository/org/typelevel/macro-compat_2.11/1.1.1/macro-compat_2.11-1.1.1.jar:/Users/zhangyuchen/.m2/repository/net/sf/py4j/py4j/0.10.4/py4j-0.10.4.jar:/Users/zhangyuchen/.m2/repository/com/google/code/gson/gson/2.8.5/gson-2.8.5.jar:/Users/zhangyuchen/.m2/repository/org/apache/commons/commons-math3/3.6.1/commons-math3-3.6.1.jar">
</property>
    <property name="java.vm.specification.version" value="1.8"> </property>
    <property name="sun.arch.data.model" value="64"> </property>
    <property 
    name="java.home" value="/Library/Java/JavaVirtualMachines/jdk1.8.0_261.jdk/Contents/Home/jre">
</property>
    <property 
    name="sun.java.command" value="org.scalatest.tools.Runner -R /Users/zhangyuchen/Desktop/angel-master/angel-ps/graph/target/classes /Users/zhangyuchen/Desktop/angel-master/angel-ps/graph/target/test-classes -o -fWDF /Users/zhangyuchen/Desktop/angel-master/angel-ps/graph/target/surefire-reports/TestSuite.txt -u /Users/zhangyuchen/Desktop/angel-master/angel-ps/graph/target/surefire-reports/.">
</property>
    <property name="java.specification.vendor" value="Oracle Corporation">
    </property>
    <property name="user.language" value="zh"> </property>
    <property name="awt.toolkit" value="sun.lwawt.macosx.LWCToolkit">
    </property>
    <property name="java.vm.info" value="mixed mode"> </property>
    <property name="java.version" value="1.8.0_261"> </property>
    <property 
    name="java.ext.dirs" value="/Users/zhangyuchen/Library/Java/Extensions:/Library/Java/JavaVirtualMachines/jdk1.8.0_261.jdk/Contents/Home/jre/lib/ext:/Library/Java/Extensions:/Network/Library/Java/Extensions:/System/Library/Java/Extensions:/usr/lib/java">
</property>
    <property 
    name="sun.boot.class.path" value="/Library/Java/JavaVirtualMachines/jdk1.8.0_261.jdk/Contents/Home/jre/lib/resources.jar:/Library/Java/JavaVirtualMachines/jdk1.8.0_261.jdk/Contents/Home/jre/lib/rt.jar:/Library/Java/JavaVirtualMachines/jdk1.8.0_261.jdk/Contents/Home/jre/lib/sunrsasign.jar:/Library/Java/JavaVirtualMachines/jdk1.8.0_261.jdk/Contents/Home/jre/lib/jsse.jar:/Library/Java/JavaVirtualMachines/jdk1.8.0_261.jdk/Contents/Home/jre/lib/jce.jar:/Library/Java/JavaVirtualMachines/jdk1.8.0_261.jdk/Contents/Home/jre/lib/charsets.jar:/Library/Java/JavaVirtualMachines/jdk1.8.0_261.jdk/Contents/Home/jre/lib/jfr.jar:/Library/Java/JavaVirtualMachines/jdk1.8.0_261.jdk/Contents/Home/jre/classes">
</property>
    <property name="java.vendor" value="Oracle Corporation"> </property>
    <property name="file.separator" value="/"> </property>
    <property 
    name="java.vendor.url.bug" value="http://bugreport.sun.com/bugreport/">
</property>
    <property name="sun.cpu.endian" value="little"> </property>
    <property name="sun.io.unicode.encoding" value="UnicodeBig"> </property>
    <property 
    name="socksNonProxyHosts" value="local|*.local|169.254/16|*.169.254/16">
</property>
    <property 
    name="ftp.nonProxyHosts" value="local|*.local|169.254/16|*.169.254/16">
</property>
    <property name="sun.cpu.isalist" value=""> </property>
  </properties>
  <system-out><![CDATA[]]></system-out>
  <system-err><![CDATA[]]></system-err>
</testsuite>
